0 verbose cli C:\Program Files\nodejs\node.exe C:\Users\Programmer II\AppData\Roaming\npm\node_modules\npm\bin\npm-cli.js
1 info using npm@8.12.2
2 info using node@v16.13.0
3 timing npm:load:whichnode Completed in 0ms
4 timing config:load:defaults Completed in 2ms
5 timing config:load:file:C:\Users\Programmer II\AppData\Roaming\npm\node_modules\npm\npmrc Completed in 5ms
6 timing config:load:builtin Completed in 5ms
7 timing config:load:cli Completed in 2ms
8 timing config:load:env Completed in 0ms
9 timing config:load:file:C:\Users\Programmer II\Documents\Project-personal\curso-asincronismo\.npmrc Completed in 1ms
10 timing config:load:project Completed in 3ms
11 timing config:load:file:C:\Users\Programmer II\.npmrc Completed in 1ms
12 timing config:load:user Completed in 1ms
13 timing config:load:file:C:\Users\Programmer II\AppData\Roaming\npm\etc\npmrc Completed in 0ms
14 timing config:load:global Completed in 0ms
15 timing config:load:validate Completed in 1ms
16 timing config:load:credentials Completed in 1ms
17 timing config:load:setEnvs Completed in 1ms
18 timing config:load Completed in 16ms
19 timing npm:load:configload Completed in 16ms
20 timing npm:load:mkdirpcache Completed in 1ms
21 timing npm:load:mkdirplogs Completed in 0ms
22 verbose title npm init
23 verbose argv "init"
24 timing npm:load:setTitle Completed in 0ms
25 timing config:load:flatten Completed in 2ms
26 timing npm:load:display Completed in 5ms
27 verbose logfile logs-max:10 dir:C:\Users\Programmer II\Documents\Project-personal\curso-asincronismo\tmpnodejsnpm-cache\_logs
28 verbose logfile C:\Users\Programmer II\Documents\Project-personal\curso-asincronismo\tmpnodejsnpm-cache\_logs\2022-07-08T14_40_29_107Z-debug-0.log
29 timing npm:load:logFile Completed in 6ms
30 timing npm:load:timers Completed in 0ms
31 timing npm:load:configScope Completed in 0ms
32 timing npm:load Completed in 30ms
33 silly logfile done cleaning log files
34 http fetch GET 200 https://registry.npmjs.org/npm 9471ms (cache miss)
35 silly package data {
35 silly package data   name: 'curso-asincronismo',
35 silly package data   version: '1.0.0',
35 silly package data   description: '',
35 silly package data   main: 'index.js',
35 silly package data   scripts: { test: 'echo "Error: no test specified" && exit 1' },
35 silly package data   keywords: [ 'javascript' ],
35 silly package data   author: 'Efrel López efli95.ealc@gmail.com',
35 silly package data   license: 'MIT'
35 silly package data }
36 info init written successfully
37 timing command:init Completed in 84429ms
38 notice
38 notice New [33mminor[39m version of npm available! [31m8.12.2[39m -> [32m8.13.2[39m
38 notice Changelog: [36mhttps://github.com/npm/cli/releases/tag/v8.13.2[39m
38 notice Run [32mnpm install -g npm@8.13.2[39m to update!
38 notice
39 verbose exit 0
40 timing npm Completed in 84643ms
41 info ok
